<?xml version="1.0" encoding="UTF-8"?>
<testng-results ignored="0" total="1" passed="1" failed="0" skipped="0">
  <reporter-output>
  </reporter-output>
  <suite started-at="2021-02-24T23:09:30 EET" name="Tesing Suite" finished-at="2021-02-24T23:11:46 EET" duration-ms="136509">
    <groups>
    </groups>
    <test started-at="2021-02-24T23:09:30 EET" name="Regression Test" finished-at="2021-02-24T23:11:46 EET" duration-ms="136509">
      <class name="TestCases.RegisterAndMakeOrder">
        <test-method is-config="true" signature="startDriver(java.lang.String)[pri:0, instance:TestCases.RegisterAndMakeOrder@17497425]" started-at="2021-02-24T23:08:47 EET" name="startDriver" finished-at="2021-02-24T23:09:30 EET" duration-ms="43015" status="PASS">
          <params>
            <param index="0">
              <value>
                <![CDATA[chrome]]>
              </value>
            </param>
          </params>
          <reporter-output>
          </reporter-output>
        </test-method> <!-- startDriver -->
        <test-method is-config="true" signature="BeforeMethod()[pri:0, instance:TestCases.RegisterAndMakeOrder@17497425]" started-at="2021-02-24T23:09:31 EET" name="BeforeMethod" finished-at="2021-02-24T23:09:31 EET" duration-ms="92" status="PASS">
          <reporter-output>
          </reporter-output>
        </test-method> <!-- BeforeMethod -->
        <test-method signature="UserRegAndMakeOrder(java.lang.String, java.lang.String, java.lang.String, java.lang.String, java.lang.String, java.lang.String, java.lang.String, java.lang.String, java.lang.String, java.lang.String)[pri:1, instance:TestCases.RegisterAndMakeOrder@17497425]" started-at="2021-02-24T23:09:32 EET" name="UserRegAndMakeOrder" data-provider="RegisterNewUserAndMakeOrder" finished-at="2021-02-24T23:11:46 EET" duration-ms="134763" status="PASS">
          <params>
            <param index="0">
              <value>
                <![CDATA[tcraigkmplalae3@sitemeter.com]]>
              </value>
            </param>
            <param index="1">
              <value>
                <![CDATA[Thaxter]]>
              </value>
            </param>
            <param index="2">
              <value>
                <![CDATA[Craigmile]]>
              </value>
            </param>
            <param index="3">
              <value>
                <![CDATA[uHUZic]]>
              </value>
            </param>
            <param index="4">
              <value>
                <![CDATA[4849 Thackeray Point]]>
              </value>
            </param>
            <param index="5">
              <value>
                <![CDATA[Leubatang]]>
              </value>
            </param>
            <param index="6">
              <value>
                <![CDATA[18773]]>
              </value>
            </param>
            <param index="7">
              <value>
                <![CDATA[10164]]>
              </value>
            </param>
            <param index="8">
              <value>
                <![CDATA[Women]]>
              </value>
            </param>
            <param index="9">
              <value>
                <![CDATA[Blouses]]>
              </value>
            </param>
          </params>
          <reporter-output>
          </reporter-output>
        </test-method> <!-- UserRegAndMakeOrder -->
        <test-method is-config="true" signature="screenshotOnFailure(org.testng.ITestResult)[pri:0, instance:TestCases.RegisterAndMakeOrder@17497425]" started-at="2021-02-24T23:11:46 EET" name="screenshotOnFailure" finished-at="2021-02-24T23:11:46 EET" duration-ms="4" status="PASS">
          <params>
            <param index="0">
              <value>
                <![CDATA[[TestResult name=UserRegAndMakeOrder status=SUCCESS method=RegisterAndMakeOrder.UserRegAndMakeOrder(java.lang.String, java.lang.String, java.lang.String, java.lang.String, java.lang.String, java.lang.String, java.lang.String, java.lang.String, java.lang.String, java.lang.String)[pri:1, instance:TestCases.RegisterAndMakeOrder@17497425] output={null}]]]>
              </value>
            </param>
          </params>
          <reporter-output>
          </reporter-output>
        </test-method> <!-- screenshotOnFailure -->
        <test-method is-config="true" signature="stopDriver()[pri:0, instance:TestCases.RegisterAndMakeOrder@17497425]" started-at="2021-02-24T23:11:47 EET" name="stopDriver" finished-at="2021-02-24T23:11:47 EET" duration-ms="805" status="PASS">
          <reporter-output>
          </reporter-output>
        </test-method> <!-- stopDriver -->
      </class> <!-- TestCases.RegisterAndMakeOrder -->
    </test> <!-- Regression Test -->
  </suite> <!-- Tesing Suite -->
</testng-results>
